[0.224s] DEBUG:colcon:Command line arguments: ['/usr/bin/colcon', 'build']
[0.224s] DEBUG:colcon:Parsed command line arguments: Namespace(ament_cmake_args=None, base_paths=['.'], build_base='build', catkin_cmake_args=None, catkin_skip_building_tests=False, cmake_args=None, cmake_clean_cache=False, cmake_clean_first=False, cmake_force_configure=False, cmake_target=None, cmake_target_skip_unavailable=False, continue_on_error=False, event_handlers=None, executor='parallel', ignore_user_meta=False, install_base='install', log_base=None, log_level=None, main=<bound method BuildVerb.main of <colcon_core.verb.build.BuildVerb object at 0x7f905cc72b50>>, merge_install=False, metas=['./colcon.meta'], packages_above=None, packages_above_and_dependencies=None, packages_above_depth=None, packages_end=None, packages_ignore=None, packages_ignore_regex=None, packages_select=None, packages_select_build_failed=False, packages_select_by_dep=None, packages_select_regex=None, packages_select_test_failures=False, packages_skip=None, packages_skip_build_finished=False, packages_skip_by_dep=None, packages_skip_regex=None, packages_skip_test_passed=False, packages_skip_up_to=None, packages_start=None, packages_up_to=None, packages_up_to_regex=None, parallel_workers=1, paths=None, symlink_install=False, test_result_base=None, verb_extension=<colcon_core.verb.build.BuildVerb object at 0x7f905cc72b50>, verb_name='build', verb_parser=<colcon_defaults.argument_parser.defaults.DefaultArgumentsDecorator object at 0x7f905cc7d100>)
[0.231s] Level 1:colcon.colcon_core.package_discovery:discover_packages(colcon_meta) check parameters
[0.231s] Level 1:colcon.colcon_core.package_discovery:discover_packages(recursive) check parameters
[0.231s] Level 1:colcon.colcon_core.package_discovery:discover_packages(ignore) check parameters
[0.231s] Level 1:colcon.colcon_core.package_discovery:discover_packages(path) check parameters
[0.231s] Level 1:colcon.colcon_core.package_discovery:discover_packages(colcon_meta) discover
[0.231s] Level 1:colcon.colcon_core.package_discovery:discover_packages(recursive) discover
[0.231s] INFO:colcon.colcon_core.package_discovery:Crawling recursively for packages in '/home/lena/dev_ws/src/reszka_zubik/py_motion'
[0.232s] Level 1:colcon.colcon_core.package_identification:_identify(.) by extensions ['ignore', 'ignore_ament_install']
[0.232s] Level 1:colcon.colcon_core.package_identification:_identify(.) by extension 'ignore'
[0.232s] Level 1:colcon.colcon_core.package_identification:_identify(.) by extension 'ignore_ament_install'
[0.232s] Level 1:colcon.colcon_core.package_identification:_identify(.) by extensions ['colcon_pkg']
[0.232s] Level 1:colcon.colcon_core.package_identification:_identify(.) by extension 'colcon_pkg'
[0.232s] Level 1:colcon.colcon_core.package_identification:_identify(.) by extensions ['colcon_meta']
[0.232s] Level 1:colcon.colcon_core.package_identification:_identify(.) by extension 'colcon_meta'
[0.232s] Level 1:colcon.colcon_core.package_identification:_identify(.) by extensions ['ros']
[0.232s] Level 1:colcon.colcon_core.package_identification:_identify(.) by extension 'ros'
[0.251s] DEBUG:colcon.colcon_core.package_identification:Package '.' with type 'ros.ament_python' and name 'py_motion'
[0.251s] Level 1:colcon.colcon_core.package_discovery:discover_packages(recursive) using defaults
[0.251s] Level 1:colcon.colcon_core.package_discovery:discover_packages(ignore) discover
[0.251s] Level 1:colcon.colcon_core.package_discovery:discover_packages(ignore) using defaults
[0.251s] Level 1:colcon.colcon_core.package_discovery:discover_packages(path) discover
[0.251s] Level 1:colcon.colcon_core.package_discovery:discover_packages(path) using defaults
[0.278s] Level 5:colcon.colcon_core.verb:set package 'py_motion' build argument 'cmake_args' from command line to 'None'
[0.278s] Level 5:colcon.colcon_core.verb:set package 'py_motion' build argument 'cmake_target' from command line to 'None'
[0.278s] Level 5:colcon.colcon_core.verb:set package 'py_motion' build argument 'cmake_target_skip_unavailable' from command line to 'False'
[0.278s] Level 5:colcon.colcon_core.verb:set package 'py_motion' build argument 'cmake_clean_cache' from command line to 'False'
[0.278s] Level 5:colcon.colcon_core.verb:set package 'py_motion' build argument 'cmake_clean_first' from command line to 'False'
[0.278s] Level 5:colcon.colcon_core.verb:set package 'py_motion' build argument 'cmake_force_configure' from command line to 'False'
[0.278s] Level 5:colcon.colcon_core.verb:set package 'py_motion' build argument 'ament_cmake_args' from command line to 'None'
[0.278s] Level 5:colcon.colcon_core.verb:set package 'py_motion' build argument 'catkin_cmake_args' from command line to 'None'
[0.278s] Level 5:colcon.colcon_core.verb:set package 'py_motion' build argument 'catkin_skip_building_tests' from command line to 'False'
[0.278s] DEBUG:colcon.colcon_core.verb:Building package 'py_motion' with the following arguments: {'ament_cmake_args': None, 'build_base': '/home/lena/dev_ws/src/reszka_zubik/py_motion/build/py_motion', 'catkin_cmake_args': None, 'catkin_skip_building_tests': False, 'cmake_args': None, 'cmake_clean_cache': False, 'cmake_clean_first': False, 'cmake_force_configure': False, 'cmake_target': None, 'cmake_target_skip_unavailable': False, 'install_base': '/home/lena/dev_ws/src/reszka_zubik/py_motion/install/py_motion', 'merge_install': False, 'path': '/home/lena/dev_ws/src/reszka_zubik/py_motion', 'symlink_install': False, 'test_result_base': None}
[0.279s] INFO:colcon.colcon_core.executor:Executing jobs using 'parallel' executor
[0.281s] DEBUG:colcon.colcon_parallel_executor.executor.parallel:run_until_complete
[0.281s] INFO:colcon.colcon_ros.task.ament_python.build:Building ROS package in '/home/lena/dev_ws/src/reszka_zubik/py_motion' with build type 'ament_python'
[0.281s] Level 1:colcon.colcon_core.shell:create_environment_hook('py_motion', 'ament_prefix_path')
[0.285s] INFO:colcon.colcon_core.plugin_system:Skipping extension 'colcon_core.shell.bat': Not used on non-Windows systems
[0.285s] INFO:colcon.colcon_core.shell:Creating environment hook '/home/lena/dev_ws/src/reszka_zubik/py_motion/install/py_motion/share/py_motion/hook/ament_prefix_path.ps1'
[0.286s] INFO:colcon.colcon_core.shell:Creating environment descriptor '/home/lena/dev_ws/src/reszka_zubik/py_motion/install/py_motion/share/py_motion/hook/ament_prefix_path.dsv'
[0.287s] INFO:colcon.colcon_core.shell:Creating environment hook '/home/lena/dev_ws/src/reszka_zubik/py_motion/install/py_motion/share/py_motion/hook/ament_prefix_path.sh'
[0.288s] INFO:colcon.colcon_core.shell:Skip shell extension 'powershell' for command environment: Not usable outside of PowerShell
[0.288s] DEBUG:colcon.colcon_core.shell:Skip shell extension 'dsv' for command environment
[0.292s] DEBUG:colcon.colcon_core.shell:Ignoring prefix path '/opt/ros/foxy'
[0.625s] INFO:colcon.colcon_core.task.python.build:Building Python package in '/home/lena/dev_ws/src/reszka_zubik/py_motion'
[0.626s] INFO:colcon.colcon_core.shell:Skip shell extension 'powershell' for command environment: Not usable outside of PowerShell
[0.626s] DEBUG:colcon.colcon_core.shell:Skip shell extension 'dsv' for command environment
[0.630s] DEBUG:colcon.colcon_core.shell:Ignoring prefix path '/opt/ros/foxy'
[0.636s] DEBUG:colcon.colcon_core.event_handler.log_command:Invoking command in '/home/lena/dev_ws/src/reszka_zubik/py_motion': PYTHONPATH=/home/lena/dev_ws/src/reszka_zubik/py_motion/install/py_motion/lib/python3.8/site-packages:${PYTHONPATH} /usr/bin/python3 setup.py egg_info --egg-base build/py_motion build --build-base /home/lena/dev_ws/src/reszka_zubik/py_motion/build/py_motion/build install --prefix /home/lena/dev_ws/src/reszka_zubik/py_motion/install/py_motion --record /home/lena/dev_ws/src/reszka_zubik/py_motion/build/py_motion/install.log --single-version-externally-managed
[1.050s] DEBUG:colcon.colcon_core.event_handler.log_command:Invoked command in '/home/lena/dev_ws/src/reszka_zubik/py_motion' returned '0': PYTHONPATH=/home/lena/dev_ws/src/reszka_zubik/py_motion/install/py_motion/lib/python3.8/site-packages:${PYTHONPATH} /usr/bin/python3 setup.py egg_info --egg-base build/py_motion build --build-base /home/lena/dev_ws/src/reszka_zubik/py_motion/build/py_motion/build install --prefix /home/lena/dev_ws/src/reszka_zubik/py_motion/install/py_motion --record /home/lena/dev_ws/src/reszka_zubik/py_motion/build/py_motion/install.log --single-version-externally-managed
[1.053s] Level 1:colcon.colcon_core.environment:checking '/home/lena/dev_ws/src/reszka_zubik/py_motion/install/py_motion' for CMake module files
[1.054s] Level 1:colcon.colcon_core.environment:checking '/home/lena/dev_ws/src/reszka_zubik/py_motion/install/py_motion' for CMake config files
[1.054s] Level 1:colcon.colcon_core.environment:checking '/home/lena/dev_ws/src/reszka_zubik/py_motion/install/py_motion/lib'
[1.055s] Level 1:colcon.colcon_core.environment:checking '/home/lena/dev_ws/src/reszka_zubik/py_motion/install/py_motion/bin'
[1.055s] Level 1:colcon.colcon_core.environment:checking '/home/lena/dev_ws/src/reszka_zubik/py_motion/install/py_motion/lib/pkgconfig/py_motion.pc'
[1.055s] Level 1:colcon.colcon_core.environment:checking '/home/lena/dev_ws/src/reszka_zubik/py_motion/install/py_motion/lib/python3.8/site-packages'
[1.055s] Level 1:colcon.colcon_core.shell:create_environment_hook('py_motion', 'pythonpath')
[1.056s] INFO:colcon.colcon_core.shell:Creating environment hook '/home/lena/dev_ws/src/reszka_zubik/py_motion/install/py_motion/share/py_motion/hook/pythonpath.ps1'
[1.056s] INFO:colcon.colcon_core.shell:Creating environment descriptor '/home/lena/dev_ws/src/reszka_zubik/py_motion/install/py_motion/share/py_motion/hook/pythonpath.dsv'
[1.056s] INFO:colcon.colcon_core.shell:Creating environment hook '/home/lena/dev_ws/src/reszka_zubik/py_motion/install/py_motion/share/py_motion/hook/pythonpath.sh'
[1.057s] Level 1:colcon.colcon_core.environment:create_environment_scripts_only(py_motion)
[1.057s] INFO:colcon.colcon_core.shell:Creating package script '/home/lena/dev_ws/src/reszka_zubik/py_motion/install/py_motion/share/py_motion/package.ps1'
[1.059s] INFO:colcon.colcon_core.shell:Creating package descriptor '/home/lena/dev_ws/src/reszka_zubik/py_motion/install/py_motion/share/py_motion/package.dsv'
[1.059s] INFO:colcon.colcon_core.shell:Creating package script '/home/lena/dev_ws/src/reszka_zubik/py_motion/install/py_motion/share/py_motion/package.sh'
[1.060s] INFO:colcon.colcon_core.shell:Creating package script '/home/lena/dev_ws/src/reszka_zubik/py_motion/install/py_motion/share/py_motion/package.bash'
[1.061s] INFO:colcon.colcon_core.shell:Creating package script '/home/lena/dev_ws/src/reszka_zubik/py_motion/install/py_motion/share/py_motion/package.zsh'
[1.062s] Level 1:colcon.colcon_core.environment:create_file_with_runtime_dependencies(/home/lena/dev_ws/src/reszka_zubik/py_motion/install/py_motion/share/colcon-core/packages/py_motion)
[1.063s] DEBUG:colcon.colcon_parallel_executor.executor.parallel:closing loop
[1.063s] DEBUG:colcon.colcon_parallel_executor.executor.parallel:loop closed
[1.063s] DEBUG:colcon.colcon_parallel_executor.executor.parallel:run_until_complete finished with '0'
[1.064s] DEBUG:colcon.colcon_core.event_reactor:joining thread
[1.071s] INFO:colcon.colcon_core.plugin_system:Skipping extension 'colcon_notification.desktop_notification.terminal_notifier': Not used on non-Darwin systems
[1.071s] INFO:colcon.colcon_core.plugin_system:Skipping extension 'colcon_notification.desktop_notification.win32': Not used on non-Windows systems
[1.071s] INFO:colcon.colcon_notification.desktop_notification:Sending desktop notification using 'notify2'
[1.094s] DEBUG:colcon.colcon_core.event_reactor:joined thread
[1.095s] INFO:colcon.colcon_core.shell:Creating prefix script '/home/lena/dev_ws/src/reszka_zubik/py_motion/install/local_setup.ps1'
[1.096s] INFO:colcon.colcon_core.shell:Creating prefix util module '/home/lena/dev_ws/src/reszka_zubik/py_motion/install/_local_setup_util_ps1.py'
[1.098s] INFO:colcon.colcon_core.shell:Creating prefix chain script '/home/lena/dev_ws/src/reszka_zubik/py_motion/install/setup.ps1'
[1.105s] INFO:colcon.colcon_core.shell:Creating prefix script '/home/lena/dev_ws/src/reszka_zubik/py_motion/install/local_setup.sh'
[1.110s] INFO:colcon.colcon_core.shell:Creating prefix util module '/home/lena/dev_ws/src/reszka_zubik/py_motion/install/_local_setup_util_sh.py'
[1.110s] INFO:colcon.colcon_core.shell:Creating prefix chain script '/home/lena/dev_ws/src/reszka_zubik/py_motion/install/setup.sh'
[1.118s] INFO:colcon.colcon_core.shell:Creating prefix script '/home/lena/dev_ws/src/reszka_zubik/py_motion/install/local_setup.bash'
[1.118s] INFO:colcon.colcon_core.shell:Creating prefix chain script '/home/lena/dev_ws/src/reszka_zubik/py_motion/install/setup.bash'
[1.127s] INFO:colcon.colcon_core.shell:Creating prefix script '/home/lena/dev_ws/src/reszka_zubik/py_motion/install/local_setup.zsh'
[1.127s] INFO:colcon.colcon_core.shell:Creating prefix chain script '/home/lena/dev_ws/src/reszka_zubik/py_motion/install/setup.zsh'
